This file contains any messages produced by compilers while
running configure, to aid debugging if configure makes a mistake.

It was created by configure, which was
generated by GNU Autoconf 2.69.  Invocation command line was

  $ ./configure --disable-pic14-port --disable-pic16-port

## --------- ##
## Platform. ##
## --------- ##

hostname = kapil-ThinkPad-T460p
uname -m = x86_64
uname -r = 4.4.0-148-generic
uname -s = Linux
uname -v = #174-Ubuntu SMP Tue May 7 12:20:14 UTC 2019

/usr/bin/uname -p = unknown
/bin/uname -X     = unknown

/bin/arch              = unknown
/usr/bin/arch -k       = unknown
/usr/convex/getsysinfo = unknown
/usr/bin/hostinfo      = unknown
/bin/machine           = unknown
/usr/bin/oslevel       = unknown
/bin/universe          = unknown

PATH: /home/kapil/.opam/default/bin
PATH: /home/kapil/.cabal/bin
PATH: /home/kapil/.ghcup/bin
PATH: /home/kapil/.local/bin
PATH: /usr/local/sbin
PATH: /usr/local/bin
PATH: /usr/sbin
PATH: /usr/bin
PATH: /sbin
PATH: /bin
PATH: /usr/games
PATH: /usr/local/games
PATH: /snap/bin
PATH: /usr/lib/jvm/java-8-oracle/bin
PATH: /usr/lib/jvm/java-8-oracle/db/bin
PATH: /usr/lib/jvm/java-8-oracle/jre/bin


## ----------- ##
## Core tests. ##
## ----------- ##

configure:2669: checking build system type
configure:2683: result: x86_64-unknown-linux-gnu
configure:2703: checking host system type
configure:2716: result: x86_64-unknown-linux-gnu
configure:2744: checking for gawk
configure:2760: found /usr/bin/gawk
configure:2771: result: gawk
configure:2783: checking version of the package
configure:2787: result: 3.9.1
configure:2894: checking for gcc
configure:2910: found /usr/bin/gcc
configure:2921: result: gcc
configure:3150: checking for C compiler version
configure:3159: gcc --version >&5
gcc (Ubuntu 5.4.0-6ubuntu1~16.04.11) 5.4.0 20160609
Copyright (C) 2015 Free Software Foundation, Inc.
This is free software; see the source for copying conditions.  There is NO
warranty; not even for MERCHANTABILITY or FITNESS FOR A PARTICULAR PURPOSE.

configure:3170: $? = 0
configure:3159: gcc -v >&5
Using built-in specs.
COLLECT_GCC=gcc
COLLECT_LTO_WRAPPER=/usr/lib/gcc/x86_64-linux-gnu/5/lto-wrapper
Target: x86_64-linux-gnu
Configured with: ../src/configure -v --with-pkgversion='Ubuntu 5.4.0-6ubuntu1~16.04.11' --with-bugurl=file:///usr/share/doc/gcc-5/README.Bugs --enable-languages=c,ada,c++,java,go,d,fortran,objc,obj-c++ --prefix=/usr --program-suffix=-5 --enable-shared --enable-linker-build-id --libexecdir=/usr/lib --without-included-gettext --enable-threads=posix --libdir=/usr/lib --enable-nls --with-sysroot=/ --enable-clocale=gnu --enable-libstdcxx-debug --enable-libstdcxx-time=yes --with-default-libstdcxx-abi=new --enable-gnu-unique-object --disable-vtable-verify --enable-libmpx --enable-plugin --with-system-zlib --disable-browser-plugin --enable-java-awt=gtk --enable-gtk-cairo --with-java-home=/usr/lib/jvm/java-1.5.0-gcj-5-amd64/jre --enable-java-home --with-jvm-root-dir=/usr/lib/jvm/java-1.5.0-gcj-5-amd64 --with-jvm-jar-dir=/usr/lib/jvm-exports/java-1.5.0-gcj-5-amd64 --with-arch-directory=amd64 --with-ecj-jar=/usr/share/java/eclipse-ecj.jar --enable-objc-gc --enable-multiarch --disable-werror --with-arch-32=i686 --with-abi=m64 --with-multilib-list=m32,m64,mx32 --enable-multilib --with-tune=generic --enable-checking=release --build=x86_64-linux-gnu --host=x86_64-linux-gnu --target=x86_64-linux-gnu
Thread model: posix
gcc version 5.4.0 20160609 (Ubuntu 5.4.0-6ubuntu1~16.04.11) 
configure:3170: $? = 0
configure:3159: gcc -V >&5
gcc: error: unrecognized command line option '-V'
gcc: fatal error: no input files
compilation terminated.
configure:3170: $? = 1
configure:3159: gcc -qversion >&5
gcc: error: unrecognized command line option '-qversion'
gcc: fatal error: no input files
compilation terminated.
configure:3170: $? = 1
configure:3190: checking whether the C compiler works
configure:3212: gcc    conftest.c  >&5
configure:3216: $? = 0
configure:3264: result: yes
configure:3267: checking for C compiler default output file name
configure:3269: result: a.out
configure:3275: checking for suffix of executables
configure:3282: gcc -o conftest    conftest.c  >&5
configure:3286: $? = 0
configure:3308: result: 
configure:3330: checking whether we are cross compiling
configure:3338: gcc -o conftest    conftest.c  >&5
configure:3342: $? = 0
configure:3349: ./conftest
configure:3353: $? = 0
configure:3368: result: no
configure:3373: checking for suffix of object files
configure:3395: gcc -c   conftest.c >&5
configure:3399: $? = 0
configure:3420: result: o
configure:3424: checking whether we are using the GNU C compiler
configure:3443: gcc -c   conftest.c >&5
configure:3443: $? = 0
configure:3452: result: yes
configure:3461: checking whether gcc accepts -g
configure:3481: gcc -c -g  conftest.c >&5
configure:3481: $? = 0
configure:3522: result: yes
configure:3539: checking for gcc option to accept ISO C89
configure:3602: gcc  -c -g -O2  conftest.c >&5
configure:3602: $? = 0
configure:3615: result: none needed
configure:3640: checking how to run the C preprocessor
configure:3671: gcc -E  conftest.c
configure:3671: $? = 0
configure:3685: gcc -E  conftest.c
conftest.c:13:28: fatal error: ac_nonexistent.h: No such file or directory
compilation terminated.
configure:3685: $? = 1
configure: failed program was:
| /* confdefs.h */
| #define PACKAGE_NAME ""
| #define PACKAGE_TARNAME ""
| #define PACKAGE_VERSION ""
| #define PACKAGE_STRING ""
| #define PACKAGE_BUGREPORT ""
| #define PACKAGE_URL ""
| #define SDCC_VERSION_LO 9
| #define SDCC_VERSION_HI 3
| #define SDCC_VERSION_P 1
| #define SDCC_VERSION_STR "3.9.1"
| /* end confdefs.h.  */
| #include <ac_nonexistent.h>
configure:3710: result: gcc -E
configure:3730: gcc -E  conftest.c
configure:3730: $? = 0
configure:3744: gcc -E  conftest.c
conftest.c:13:28: fatal error: ac_nonexistent.h: No such file or directory
compilation terminated.
configure:3744: $? = 1
configure: failed program was:
| /* confdefs.h */
| #define PACKAGE_NAME ""
| #define PACKAGE_TARNAME ""
| #define PACKAGE_VERSION ""
| #define PACKAGE_STRING ""
| #define PACKAGE_BUGREPORT ""
| #define PACKAGE_URL ""
| #define SDCC_VERSION_LO 9
| #define SDCC_VERSION_HI 3
| #define SDCC_VERSION_P 1
| #define SDCC_VERSION_STR "3.9.1"
| /* end confdefs.h.  */
| #include <ac_nonexistent.h>
configure:3830: checking for g++
configure:3846: found /usr/bin/g++
configure:3857: result: g++
configure:3884: checking for C++ compiler version
configure:3893: g++ --version >&5
g++ (Ubuntu 5.4.0-6ubuntu1~16.04.11) 5.4.0 20160609
Copyright (C) 2015 Free Software Foundation, Inc.
This is free software; see the source for copying conditions.  There is NO
warranty; not even for MERCHANTABILITY or FITNESS FOR A PARTICULAR PURPOSE.

configure:3904: $? = 0
configure:3893: g++ -v >&5
Using built-in specs.
COLLECT_GCC=g++
COLLECT_LTO_WRAPPER=/usr/lib/gcc/x86_64-linux-gnu/5/lto-wrapper
Target: x86_64-linux-gnu
Configured with: ../src/configure -v --with-pkgversion='Ubuntu 5.4.0-6ubuntu1~16.04.11' --with-bugurl=file:///usr/share/doc/gcc-5/README.Bugs --enable-languages=c,ada,c++,java,go,d,fortran,objc,obj-c++ --prefix=/usr --program-suffix=-5 --enable-shared --enable-linker-build-id --libexecdir=/usr/lib --without-included-gettext --enable-threads=posix --libdir=/usr/lib --enable-nls --with-sysroot=/ --enable-clocale=gnu --enable-libstdcxx-debug --enable-libstdcxx-time=yes --with-default-libstdcxx-abi=new --enable-gnu-unique-object --disable-vtable-verify --enable-libmpx --enable-plugin --with-system-zlib --disable-browser-plugin --enable-java-awt=gtk --enable-gtk-cairo --with-java-home=/usr/lib/jvm/java-1.5.0-gcj-5-amd64/jre --enable-java-home --with-jvm-root-dir=/usr/lib/jvm/java-1.5.0-gcj-5-amd64 --with-jvm-jar-dir=/usr/lib/jvm-exports/java-1.5.0-gcj-5-amd64 --with-arch-directory=amd64 --with-ecj-jar=/usr/share/java/eclipse-ecj.jar --enable-objc-gc --enable-multiarch --disable-werror --with-arch-32=i686 --with-abi=m64 --with-multilib-list=m32,m64,mx32 --enable-multilib --with-tune=generic --enable-checking=release --build=x86_64-linux-gnu --host=x86_64-linux-gnu --target=x86_64-linux-gnu
Thread model: posix
gcc version 5.4.0 20160609 (Ubuntu 5.4.0-6ubuntu1~16.04.11) 
configure:3904: $? = 0
configure:3893: g++ -V >&5
g++: error: unrecognized command line option '-V'
g++: fatal error: no input files
compilation terminated.
configure:3904: $? = 1
configure:3893: g++ -qversion >&5
g++: error: unrecognized command line option '-qversion'
g++: fatal error: no input files
compilation terminated.
configure:3904: $? = 1
configure:3908: checking whether we are using the GNU C++ compiler
configure:3927: g++ -c   conftest.cpp >&5
configure:3927: $? = 0
configure:3936: result: yes
configure:3945: checking whether g++ accepts -g
configure:3965: g++ -c -g  conftest.cpp >&5
configure:3965: $? = 0
configure:4006: result: yes
configure:4043: checking for a BSD-compatible install
configure:4111: result: /usr/bin/install -c
configure:4165: checking for ranlib
configure:4181: found /usr/bin/ranlib
configure:4192: result: ranlib
configure:4216: checking for autoconf
configure:4232: found /usr/bin/autoconf
configure:4244: result: autoconf
configure:4254: checking for strip
configure:4270: found /usr/bin/strip
configure:4282: result: strip
configure:4292: checking for as
configure:4308: found /usr/bin/as
configure:4320: result: as
configure:4330: checking for cp
configure:4346: found /bin/cp
configure:4358: result: cp
configure:4368: checking for ar
configure:4384: found /usr/bin/ar
configure:4396: result: ar
configure:4406: checking for gm4
configure:4434: result: m4
configure:4447: checking for flex
configure:4463: found /usr/bin/flex
configure:4474: result: flex
configure:4491: checking for bison
configure:4507: found /usr/bin/bison
configure:4518: result: bison -y
configure:4535: checking for python3.6
configure:4565: result: no
configure:4535: checking for python2.7
configure:4551: found /usr/bin/python2.7
configure:4562: result: python2.7
configure:4595: checking for grep that handles long lines and -e
configure:4653: result: /bin/grep
configure:4658: checking for egrep
configure:4720: result: /bin/grep -E
configure:4725: checking for ANSI C header files
configure:4745: gcc -c -g -O2  conftest.c >&5
configure:4745: $? = 0
configure:4818: gcc -o conftest -g -O2   conftest.c  >&5
configure:4818: $? = 0
configure:4818: ./conftest
configure:4818: $? = 0
configure:4829: result: yes
configure:4842: checking for sys/types.h
configure:4842: gcc -c -g -O2  conftest.c >&5
configure:4842: $? = 0
configure:4842: result: yes
configure:4842: checking for sys/stat.h
configure:4842: gcc -c -g -O2  conftest.c >&5
configure:4842: $? = 0
configure:4842: result: yes
configure:4842: checking for stdlib.h
configure:4842: gcc -c -g -O2  conftest.c >&5
configure:4842: $? = 0
configure:4842: result: yes
configure:4842: checking for string.h
configure:4842: gcc -c -g -O2  conftest.c >&5
configure:4842: $? = 0
configure:4842: result: yes
configure:4842: checking for memory.h
configure:4842: gcc -c -g -O2  conftest.c >&5
configure:4842: $? = 0
configure:4842: result: yes
configure:4842: checking for strings.h
configure:4842: gcc -c -g -O2  conftest.c >&5
configure:4842: $? = 0
configure:4842: result: yes
configure:4842: checking for inttypes.h
configure:4842: gcc -c -g -O2  conftest.c >&5
configure:4842: $? = 0
configure:4842: result: yes
configure:4842: checking for stdint.h
configure:4842: gcc -c -g -O2  conftest.c >&5
configure:4842: $? = 0
configure:4842: result: yes
configure:4842: checking for unistd.h
configure:4842: gcc -c -g -O2  conftest.c >&5
configure:4842: $? = 0
configure:4842: result: yes
configure:4857: checking endian.h usability
configure:4857: gcc -c -g -O2  conftest.c >&5
configure:4857: $? = 0
configure:4857: result: yes
configure:4857: checking endian.h presence
configure:4857: gcc -E  conftest.c
configure:4857: $? = 0
configure:4857: result: yes
configure:4857: checking for endian.h
configure:4857: result: yes
configure:4857: checking sys/endian.h usability
configure:4857: gcc -c -g -O2  conftest.c >&5
conftest.c:57:24: fatal error: sys/endian.h: No such file or directory
compilation terminated.
configure:4857: $? = 1
configure: failed program was:
| /* confdefs.h */
| #define PACKAGE_NAME ""
| #define PACKAGE_TARNAME ""
| #define PACKAGE_VERSION ""
| #define PACKAGE_STRING ""
| #define PACKAGE_BUGREPORT ""
| #define PACKAGE_URL ""
| #define SDCC_VERSION_LO 9
| #define SDCC_VERSION_HI 3
| #define SDCC_VERSION_P 1
| #define SDCC_VERSION_STR "3.9.1"
| #define STDC_HEADERS 1
| #define HAVE_SYS_TYPES_H 1
| #define HAVE_SYS_STAT_H 1
| #define HAVE_STDLIB_H 1
| #define HAVE_STRING_H 1
| #define HAVE_MEMORY_H 1
| #define HAVE_STRINGS_H 1
| #define HAVE_INTTYPES_H 1
| #define HAVE_STDINT_H 1
| #define HAVE_UNISTD_H 1
| #define HAVE_ENDIAN_H 1
| /* end confdefs.h.  */
| #include <stdio.h>
| #ifdef HAVE_SYS_TYPES_H
| # include <sys/types.h>
| #endif
| #ifdef HAVE_SYS_STAT_H
| # include <sys/stat.h>
| #endif
| #ifdef STDC_HEADERS
| # include <stdlib.h>
| # include <stddef.h>
| #else
| # ifdef HAVE_STDLIB_H
| #  include <stdlib.h>
| # endif
| #endif
| #ifdef HAVE_STRING_H
| # if !defined STDC_HEADERS && defined HAVE_MEMORY_H
| #  include <memory.h>
| # endif
| # include <string.h>
| #endif
| #ifdef HAVE_STRINGS_H
| # include <strings.h>
| #endif
| #ifdef HAVE_INTTYPES_H
| # include <inttypes.h>
| #endif
| #ifdef HAVE_STDINT_H
| # include <stdint.h>
| #endif
| #ifdef HAVE_UNISTD_H
| # include <unistd.h>
| #endif
| #include <sys/endian.h>
configure:4857: result: no
configure:4857: checking sys/endian.h presence
configure:4857: gcc -E  conftest.c
conftest.c:24:24: fatal error: sys/endian.h: No such file or directory
compilation terminated.
configure:4857: $? = 1
configure: failed program was:
| /* confdefs.h */
| #define PACKAGE_NAME ""
| #define PACKAGE_TARNAME ""
| #define PACKAGE_VERSION ""
| #define PACKAGE_STRING ""
| #define PACKAGE_BUGREPORT ""
| #define PACKAGE_URL ""
| #define SDCC_VERSION_LO 9
| #define SDCC_VERSION_HI 3
| #define SDCC_VERSION_P 1
| #define SDCC_VERSION_STR "3.9.1"
| #define STDC_HEADERS 1
| #define HAVE_SYS_TYPES_H 1
| #define HAVE_SYS_STAT_H 1
| #define HAVE_STDLIB_H 1
| #define HAVE_STRING_H 1
| #define HAVE_MEMORY_H 1
| #define HAVE_STRINGS_H 1
| #define HAVE_INTTYPES_H 1
| #define HAVE_STDINT_H 1
| #define HAVE_UNISTD_H 1
| #define HAVE_ENDIAN_H 1
| /* end confdefs.h.  */
| #include <sys/endian.h>
configure:4857: result: no
configure:4857: checking for sys/endian.h
configure:4857: result: no
configure:4857: checking machine/endian.h usability
configure:4857: gcc -c -g -O2  conftest.c >&5
conftest.c:57:28: fatal error: machine/endian.h: No such file or directory
compilation terminated.
configure:4857: $? = 1
configure: failed program was:
| /* confdefs.h */
| #define PACKAGE_NAME ""
| #define PACKAGE_TARNAME ""
| #define PACKAGE_VERSION ""
| #define PACKAGE_STRING ""
| #define PACKAGE_BUGREPORT ""
| #define PACKAGE_URL ""
| #define SDCC_VERSION_LO 9
| #define SDCC_VERSION_HI 3
| #define SDCC_VERSION_P 1
| #define SDCC_VERSION_STR "3.9.1"
| #define STDC_HEADERS 1
| #define HAVE_SYS_TYPES_H 1
| #define HAVE_SYS_STAT_H 1
| #define HAVE_STDLIB_H 1
| #define HAVE_STRING_H 1
| #define HAVE_MEMORY_H 1
| #define HAVE_STRINGS_H 1
| #define HAVE_INTTYPES_H 1
| #define HAVE_STDINT_H 1
| #define HAVE_UNISTD_H 1
| #define HAVE_ENDIAN_H 1
| /* end confdefs.h.  */
| #include <stdio.h>
| #ifdef HAVE_SYS_TYPES_H
| # include <sys/types.h>
| #endif
| #ifdef HAVE_SYS_STAT_H
| # include <sys/stat.h>
| #endif
| #ifdef STDC_HEADERS
| # include <stdlib.h>
| # include <stddef.h>
| #else
| # ifdef HAVE_STDLIB_H
| #  include <stdlib.h>
| # endif
| #endif
| #ifdef HAVE_STRING_H
| # if !defined STDC_HEADERS && defined HAVE_MEMORY_H
| #  include <memory.h>
| # endif
| # include <string.h>
| #endif
| #ifdef HAVE_STRINGS_H
| # include <strings.h>
| #endif
| #ifdef HAVE_INTTYPES_H
| # include <inttypes.h>
| #endif
| #ifdef HAVE_STDINT_H
| # include <stdint.h>
| #endif
| #ifdef HAVE_UNISTD_H
| # include <unistd.h>
| #endif
| #include <machine/endian.h>
configure:4857: result: no
configure:4857: checking machine/endian.h presence
configure:4857: gcc -E  conftest.c
conftest.c:24:28: fatal error: machine/endian.h: No such file or directory
compilation terminated.
configure:4857: $? = 1
configure: failed program was:
| /* confdefs.h */
| #define PACKAGE_NAME ""
| #define PACKAGE_TARNAME ""
| #define PACKAGE_VERSION ""
| #define PACKAGE_STRING ""
| #define PACKAGE_BUGREPORT ""
| #define PACKAGE_URL ""
| #define SDCC_VERSION_LO 9
| #define SDCC_VERSION_HI 3
| #define SDCC_VERSION_P 1
| #define SDCC_VERSION_STR "3.9.1"
| #define STDC_HEADERS 1
| #define HAVE_SYS_TYPES_H 1
| #define HAVE_SYS_STAT_H 1
| #define HAVE_STDLIB_H 1
| #define HAVE_STRING_H 1
| #define HAVE_MEMORY_H 1
| #define HAVE_STRINGS_H 1
| #define HAVE_INTTYPES_H 1
| #define HAVE_STDINT_H 1
| #define HAVE_UNISTD_H 1
| #define HAVE_ENDIAN_H 1
| /* end confdefs.h.  */
| #include <machine/endian.h>
configure:4857: result: no
configure:4857: checking for machine/endian.h
configure:4857: result: no
configure:4857: checking sys/isa_defs.h usability
configure:4857: gcc -c -g -O2  conftest.c >&5
conftest.c:57:26: fatal error: sys/isa_defs.h: No such file or directory
compilation terminated.
configure:4857: $? = 1
configure: failed program was:
| /* confdefs.h */
| #define PACKAGE_NAME ""
| #define PACKAGE_TARNAME ""
| #define PACKAGE_VERSION ""
| #define PACKAGE_STRING ""
| #define PACKAGE_BUGREPORT ""
| #define PACKAGE_URL ""
| #define SDCC_VERSION_LO 9
| #define SDCC_VERSION_HI 3
| #define SDCC_VERSION_P 1
| #define SDCC_VERSION_STR "3.9.1"
| #define STDC_HEADERS 1
| #define HAVE_SYS_TYPES_H 1
| #define HAVE_SYS_STAT_H 1
| #define HAVE_STDLIB_H 1
| #define HAVE_STRING_H 1
| #define HAVE_MEMORY_H 1
| #define HAVE_STRINGS_H 1
| #define HAVE_INTTYPES_H 1
| #define HAVE_STDINT_H 1
| #define HAVE_UNISTD_H 1
| #define HAVE_ENDIAN_H 1
| /* end confdefs.h.  */
| #include <stdio.h>
| #ifdef HAVE_SYS_TYPES_H
| # include <sys/types.h>
| #endif
| #ifdef HAVE_SYS_STAT_H
| # include <sys/stat.h>
| #endif
| #ifdef STDC_HEADERS
| # include <stdlib.h>
| # include <stddef.h>
| #else
| # ifdef HAVE_STDLIB_H
| #  include <stdlib.h>
| # endif
| #endif
| #ifdef HAVE_STRING_H
| # if !defined STDC_HEADERS && defined HAVE_MEMORY_H
| #  include <memory.h>
| # endif
| # include <string.h>
| #endif
| #ifdef HAVE_STRINGS_H
| # include <strings.h>
| #endif
| #ifdef HAVE_INTTYPES_H
| # include <inttypes.h>
| #endif
| #ifdef HAVE_STDINT_H
| # include <stdint.h>
| #endif
| #ifdef HAVE_UNISTD_H
| # include <unistd.h>
| #endif
| #include <sys/isa_defs.h>
configure:4857: result: no
configure:4857: checking sys/isa_defs.h presence
configure:4857: gcc -E  conftest.c
conftest.c:24:26: fatal error: sys/isa_defs.h: No such file or directory
compilation terminated.
configure:4857: $? = 1
configure: failed program was:
| /* confdefs.h */
| #define PACKAGE_NAME ""
| #define PACKAGE_TARNAME ""
| #define PACKAGE_VERSION ""
| #define PACKAGE_STRING ""
| #define PACKAGE_BUGREPORT ""
| #define PACKAGE_URL ""
| #define SDCC_VERSION_LO 9
| #define SDCC_VERSION_HI 3
| #define SDCC_VERSION_P 1
| #define SDCC_VERSION_STR "3.9.1"
| #define STDC_HEADERS 1
| #define HAVE_SYS_TYPES_H 1
| #define HAVE_SYS_STAT_H 1
| #define HAVE_STDLIB_H 1
| #define HAVE_STRING_H 1
| #define HAVE_MEMORY_H 1
| #define HAVE_STRINGS_H 1
| #define HAVE_INTTYPES_H 1
| #define HAVE_STDINT_H 1
| #define HAVE_UNISTD_H 1
| #define HAVE_ENDIAN_H 1
| /* end confdefs.h.  */
| #include <sys/isa_defs.h>
configure:4857: result: no
configure:4857: checking for sys/isa_defs.h
configure:4857: result: no
configure:4879: checking how to run the C++ preprocessor
configure:4906: g++ -E  conftest.cpp
configure:4906: $? = 0
configure:4920: g++ -E  conftest.cpp
conftest.cpp:24:28: fatal error: ac_nonexistent.h: No such file or directory
compilation terminated.
configure:4920: $? = 1
configure: failed program was:
| /* confdefs.h */
| #define PACKAGE_NAME ""
| #define PACKAGE_TARNAME ""
| #define PACKAGE_VERSION ""
| #define PACKAGE_STRING ""
| #define PACKAGE_BUGREPORT ""
| #define PACKAGE_URL ""
| #define SDCC_VERSION_LO 9
| #define SDCC_VERSION_HI 3
| #define SDCC_VERSION_P 1
| #define SDCC_VERSION_STR "3.9.1"
| #define STDC_HEADERS 1
| #define HAVE_SYS_TYPES_H 1
| #define HAVE_SYS_STAT_H 1
| #define HAVE_STDLIB_H 1
| #define HAVE_STRING_H 1
| #define HAVE_MEMORY_H 1
| #define HAVE_STRINGS_H 1
| #define HAVE_INTTYPES_H 1
| #define HAVE_STDINT_H 1
| #define HAVE_UNISTD_H 1
| #define HAVE_ENDIAN_H 1
| /* end confdefs.h.  */
| #include <ac_nonexistent.h>
configure:4945: result: g++ -E
configure:4965: g++ -E  conftest.cpp
configure:4965: $? = 0
configure:4979: g++ -E  conftest.cpp
conftest.cpp:24:28: fatal error: ac_nonexistent.h: No such file or directory
compilation terminated.
configure:4979: $? = 1
configure: failed program was:
| /* confdefs.h */
| #define PACKAGE_NAME ""
| #define PACKAGE_TARNAME ""
| #define PACKAGE_VERSION ""
| #define PACKAGE_STRING ""
| #define PACKAGE_BUGREPORT ""
| #define PACKAGE_URL ""
| #define SDCC_VERSION_LO 9
| #define SDCC_VERSION_HI 3
| #define SDCC_VERSION_P 1
| #define SDCC_VERSION_STR "3.9.1"
| #define STDC_HEADERS 1
| #define HAVE_SYS_TYPES_H 1
| #define HAVE_SYS_STAT_H 1
| #define HAVE_STDLIB_H 1
| #define HAVE_STRING_H 1
| #define HAVE_MEMORY_H 1
| #define HAVE_STRINGS_H 1
| #define HAVE_INTTYPES_H 1
| #define HAVE_STDINT_H 1
| #define HAVE_UNISTD_H 1
| #define HAVE_ENDIAN_H 1
| /* end confdefs.h.  */
| #include <ac_nonexistent.h>
configure:5010: checking treedec/combinations.hpp usability
configure:5010: g++ -c -g -O2  conftest.cpp >&5
conftest.cpp:57:36: fatal error: treedec/combinations.hpp: No such file or directory
compilation terminated.
configure:5010: $? = 1
configure: failed program was:
| /* confdefs.h */
| #define PACKAGE_NAME ""
| #define PACKAGE_TARNAME ""
| #define PACKAGE_VERSION ""
| #define PACKAGE_STRING ""
| #define PACKAGE_BUGREPORT ""
| #define PACKAGE_URL ""
| #define SDCC_VERSION_LO 9
| #define SDCC_VERSION_HI 3
| #define SDCC_VERSION_P 1
| #define SDCC_VERSION_STR "3.9.1"
| #define STDC_HEADERS 1
| #define HAVE_SYS_TYPES_H 1
| #define HAVE_SYS_STAT_H 1
| #define HAVE_STDLIB_H 1
| #define HAVE_STRING_H 1
| #define HAVE_MEMORY_H 1
| #define HAVE_STRINGS_H 1
| #define HAVE_INTTYPES_H 1
| #define HAVE_STDINT_H 1
| #define HAVE_UNISTD_H 1
| #define HAVE_ENDIAN_H 1
| /* end confdefs.h.  */
| #include <stdio.h>
| #ifdef HAVE_SYS_TYPES_H
| # include <sys/types.h>
| #endif
| #ifdef HAVE_SYS_STAT_H
| # include <sys/stat.h>
| #endif
| #ifdef STDC_HEADERS
| # include <stdlib.h>
| # include <stddef.h>
| #else
| # ifdef HAVE_STDLIB_H
| #  include <stdlib.h>
| # endif
| #endif
| #ifdef HAVE_STRING_H
| # if !defined STDC_HEADERS && defined HAVE_MEMORY_H
| #  include <memory.h>
| # endif
| # include <string.h>
| #endif
| #ifdef HAVE_STRINGS_H
| # include <strings.h>
| #endif
| #ifdef HAVE_INTTYPES_H
| # include <inttypes.h>
| #endif
| #ifdef HAVE_STDINT_H
| # include <stdint.h>
| #endif
| #ifdef HAVE_UNISTD_H
| # include <unistd.h>
| #endif
| #include <treedec/combinations.hpp>
configure:5010: result: no
configure:5010: checking treedec/combinations.hpp presence
configure:5010: g++ -E  conftest.cpp
conftest.cpp:24:36: fatal error: treedec/combinations.hpp: No such file or directory
compilation terminated.
configure:5010: $? = 1
configure: failed program was:
| /* confdefs.h */
| #define PACKAGE_NAME ""
| #define PACKAGE_TARNAME ""
| #define PACKAGE_VERSION ""
| #define PACKAGE_STRING ""
| #define PACKAGE_BUGREPORT ""
| #define PACKAGE_URL ""
| #define SDCC_VERSION_LO 9
| #define SDCC_VERSION_HI 3
| #define SDCC_VERSION_P 1
| #define SDCC_VERSION_STR "3.9.1"
| #define STDC_HEADERS 1
| #define HAVE_SYS_TYPES_H 1
| #define HAVE_SYS_STAT_H 1
| #define HAVE_STDLIB_H 1
| #define HAVE_STRING_H 1
| #define HAVE_MEMORY_H 1
| #define HAVE_STRINGS_H 1
| #define HAVE_INTTYPES_H 1
| #define HAVE_STDINT_H 1
| #define HAVE_UNISTD_H 1
| #define HAVE_ENDIAN_H 1
| /* end confdefs.h.  */
| #include <treedec/combinations.hpp>
configure:5010: result: no
configure:5010: checking for treedec/combinations.hpp
configure:5010: result: no
configure:5017: treedec library missing, falling back to Thorup.
configure:5025: checking gala/graph.h usability
configure:5025: g++ -c -g -O2  conftest.cpp >&5
conftest.cpp:57:24: fatal error: gala/graph.h: No such file or directory
compilation terminated.
configure:5025: $? = 1
configure: failed program was:
| /* confdefs.h */
| #define PACKAGE_NAME ""
| #define PACKAGE_TARNAME ""
| #define PACKAGE_VERSION ""
| #define PACKAGE_STRING ""
| #define PACKAGE_BUGREPORT ""
| #define PACKAGE_URL ""
| #define SDCC_VERSION_LO 9
| #define SDCC_VERSION_HI 3
| #define SDCC_VERSION_P 1
| #define SDCC_VERSION_STR "3.9.1"
| #define STDC_HEADERS 1
| #define HAVE_SYS_TYPES_H 1
| #define HAVE_SYS_STAT_H 1
| #define HAVE_STDLIB_H 1
| #define HAVE_STRING_H 1
| #define HAVE_MEMORY_H 1
| #define HAVE_STRINGS_H 1
| #define HAVE_INTTYPES_H 1
| #define HAVE_STDINT_H 1
| #define HAVE_UNISTD_H 1
| #define HAVE_ENDIAN_H 1
| /* end confdefs.h.  */
| #include <stdio.h>
| #ifdef HAVE_SYS_TYPES_H
| # include <sys/types.h>
| #endif
| #ifdef HAVE_SYS_STAT_H
| # include <sys/stat.h>
| #endif
| #ifdef STDC_HEADERS
| # include <stdlib.h>
| # include <stddef.h>
| #else
| # ifdef HAVE_STDLIB_H
| #  include <stdlib.h>
| # endif
| #endif
| #ifdef HAVE_STRING_H
| # if !defined STDC_HEADERS && defined HAVE_MEMORY_H
| #  include <memory.h>
| # endif
| # include <string.h>
| #endif
| #ifdef HAVE_STRINGS_H
| # include <strings.h>
| #endif
| #ifdef HAVE_INTTYPES_H
| # include <inttypes.h>
| #endif
| #ifdef HAVE_STDINT_H
| # include <stdint.h>
| #endif
| #ifdef HAVE_UNISTD_H
| # include <unistd.h>
| #endif
| #include <gala/graph.h>
configure:5025: result: no
configure:5025: checking gala/graph.h presence
configure:5025: g++ -E  conftest.cpp
conftest.cpp:24:24: fatal error: gala/graph.h: No such file or directory
compilation terminated.
configure:5025: $? = 1
configure: failed program was:
| /* confdefs.h */
| #define PACKAGE_NAME ""
| #define PACKAGE_TARNAME ""
| #define PACKAGE_VERSION ""
| #define PACKAGE_STRING ""
| #define PACKAGE_BUGREPORT ""
| #define PACKAGE_URL ""
| #define SDCC_VERSION_LO 9
| #define SDCC_VERSION_HI 3
| #define SDCC_VERSION_P 1
| #define SDCC_VERSION_STR "3.9.1"
| #define STDC_HEADERS 1
| #define HAVE_SYS_TYPES_H 1
| #define HAVE_SYS_STAT_H 1
| #define HAVE_STDLIB_H 1
| #define HAVE_STRING_H 1
| #define HAVE_MEMORY_H 1
| #define HAVE_STRINGS_H 1
| #define HAVE_INTTYPES_H 1
| #define HAVE_STDINT_H 1
| #define HAVE_UNISTD_H 1
| #define HAVE_ENDIAN_H 1
| /* end confdefs.h.  */
| #include <gala/graph.h>
configure:5025: result: no
configure:5025: checking for gala/graph.h
configure:5025: result: no
configure:5037: checking boost/graph/adjacency_list.hpp usability
configure:5037: g++ -c -g -O2  conftest.cpp >&5
configure:5037: $? = 0
configure:5037: result: yes
configure:5037: checking boost/graph/adjacency_list.hpp presence
configure:5037: g++ -E  conftest.cpp
configure:5037: $? = 0
configure:5037: result: yes
configure:5037: checking for boost/graph/adjacency_list.hpp
configure:5037: result: yes
configure:5065: checking for ccache
configure:5095: result: no
configure:5111: checking for strerror
configure:5111: gcc -o conftest -g -O2   conftest.c  >&5
configure:5111: $? = 0
configure:5111: result: yes
configure:5111: checking for mkstemp
configure:5111: gcc -o conftest -g -O2   conftest.c  >&5
configure:5111: $? = 0
configure:5111: result: yes
configure:5111: checking for strndup
configure:5111: gcc -o conftest -g -O2   conftest.c  >&5
conftest.c:50:6: warning: conflicting types for built-in function 'strndup'
 char strndup ();
      ^
configure:5111: $? = 0
configure:5111: result: yes
configure:5111: checking for setrlimit
configure:5111: gcc -o conftest -g -O2   conftest.c  >&5
configure:5111: $? = 0
configure:5111: result: yes
configure:5111: checking for backtrace_symbols_fd
configure:5111: gcc -o conftest -g -O2   conftest.c  >&5
configure:5111: $? = 0
configure:5111: result: yes
configure:5214: checking whether g++ supports C++11 features by default
configure:5508: g++ -c -g -O2  conftest.cpp >&5
conftest.cpp:41:2: error: #error "This is not a C++11 compiler"
 #error "This is not a C++11 compiler"
  ^
configure:5508: $? = 1
configure: failed program was:
| /* confdefs.h */
| #define PACKAGE_NAME ""
| #define PACKAGE_TARNAME ""
| #define PACKAGE_VERSION ""
| #define PACKAGE_STRING ""
| #define PACKAGE_BUGREPORT ""
| #define PACKAGE_URL ""
| #define SDCC_VERSION_LO 9
| #define SDCC_VERSION_HI 3
| #define SDCC_VERSION_P 1
| #define SDCC_VERSION_STR "3.9.1"
| #define STDC_HEADERS 1
| #define HAVE_SYS_TYPES_H 1
| #define HAVE_SYS_STAT_H 1
| #define HAVE_STDLIB_H 1
| #define HAVE_STRING_H 1
| #define HAVE_MEMORY_H 1
| #define HAVE_STRINGS_H 1
| #define HAVE_INTTYPES_H 1
| #define HAVE_STDINT_H 1
| #define HAVE_UNISTD_H 1
| #define HAVE_ENDIAN_H 1
| #define HAVE_BOOST_GRAPH_ADJACENCY_LIST_HPP 1
| #define HAVE_STRERROR 1
| #define HAVE_MKSTEMP 1
| #define HAVE_STRNDUP 1
| #define HAVE_SETRLIMIT 1
| #define HAVE_BACKTRACE_SYMBOLS_FD 1
| /* end confdefs.h.  */
| 
| 
| // If the compiler admits that it is not ready for C++11, why torture it?
| // Hopefully, this will speed up the test.
| 
| #ifndef __cplusplus
| 
| #error "This is not a C++ compiler"
| 
| #elif __cplusplus < 201103L
| 
| #error "This is not a C++11 compiler"
| 
| #else
| 
| namespace cxx11
| {
| 
|   namespace test_static_assert
|   {
| 
|     template <typename T>
|     struct check
|     {
|       static_assert(sizeof(int) <= sizeof(T), "not big enough");
|     };
| 
|   }
| 
|   namespace test_final_override
|   {
| 
|     struct Base
|     {
|       virtual void f() {}
|     };
| 
|     struct Derived : public Base
|     {
|       virtual void f() override {}
|     };
| 
|   }
| 
|   namespace test_double_right_angle_brackets
|   {
| 
|     template < typename T >
|     struct check {};
| 
|     typedef check<void> single_type;
|     typedef check<check<void>> double_type;
|     typedef check<check<check<void>>> triple_type;
|     typedef check<check<check<check<void>>>> quadruple_type;
| 
|   }
| 
|   namespace test_decltype
|   {
| 
|     int
|     f()
|     {
|       int a = 1;
|       decltype(a) b = 2;
|       return a + b;
|     }
| 
|   }
| 
|   namespace test_type_deduction
|   {
| 
|     template < typename T1, typename T2 >
|     struct is_same
|     {
|       static const bool value = false;
|     };
| 
|     template < typename T >
|     struct is_same<T, T>
|     {
|       static const bool value = true;
|     };
| 
|     template < typename T1, typename T2 >
|     auto
|     add(T1 a1, T2 a2) -> decltype(a1 + a2)
|     {
|       return a1 + a2;
|     }
| 
|     int
|     test(const int c, volatile int v)
|     {
|       static_assert(is_same<int, decltype(0)>::value == true, "");
|       static_assert(is_same<int, decltype(c)>::value == false, "");
|       static_assert(is_same<int, decltype(v)>::value == false, "");
|       auto ac = c;
|       auto av = v;
|       auto sumi = ac + av + 'x';
|       auto sumf = ac + av + 1.0;
|       static_assert(is_same<int, decltype(ac)>::value == true, "");
|       static_assert(is_same<int, decltype(av)>::value == true, "");
|       static_assert(is_same<int, decltype(sumi)>::value == true, "");
|       static_assert(is_same<int, decltype(sumf)>::value == false, "");
|       static_assert(is_same<int, decltype(add(c, v))>::value == true, "");
|       return (sumf > 0.0) ? sumi : add(c, v);
|     }
| 
|   }
| 
|   namespace test_noexcept
|   {
| 
|     int f() { return 0; }
|     int g() noexcept { return 0; }
| 
|     static_assert(noexcept(f()) == false, "");
|     static_assert(noexcept(g()) == true, "");
| 
|   }
| 
|   namespace test_constexpr
|   {
| 
|     template < typename CharT >
|     unsigned long constexpr
|     strlen_c_r(const CharT *const s, const unsigned long acc) noexcept
|     {
|       return *s ? strlen_c_r(s + 1, acc + 1) : acc;
|     }
| 
|     template < typename CharT >
|     unsigned long constexpr
|     strlen_c(const CharT *const s) noexcept
|     {
|       return strlen_c_r(s, 0UL);
|     }
| 
|     static_assert(strlen_c("") == 0UL, "");
|     static_assert(strlen_c("1") == 1UL, "");
|     static_assert(strlen_c("example") == 7UL, "");
|     static_assert(strlen_c("another\0example") == 7UL, "");
| 
|   }
| 
|   namespace test_rvalue_references
|   {
| 
|     template < int N >
|     struct answer
|     {
|       static constexpr int value = N;
|     };
| 
|     answer<1> f(int&)       { return answer<1>(); }
|     answer<2> f(const int&) { return answer<2>(); }
|     answer<3> f(int&&)      { return answer<3>(); }
| 
|     void
|     test()
|     {
|       int i = 0;
|       const int c = 0;
|       static_assert(decltype(f(i))::value == 1, "");
|       static_assert(decltype(f(c))::value == 2, "");
|       static_assert(decltype(f(0))::value == 3, "");
|     }
| 
|   }
| 
|   namespace test_uniform_initialization
|   {
| 
|     struct test
|     {
|       static const int zero {};
|       static const int one {1};
|     };
| 
|     static_assert(test::zero == 0, "");
|     static_assert(test::one == 1, "");
| 
|   }
| 
|   namespace test_lambdas
|   {
| 
|     void
|     test1()
|     {
|       auto lambda1 = [](){};
|       auto lambda2 = lambda1;
|       lambda1();
|       lambda2();
|     }
| 
|     int
|     test2()
|     {
|       auto a = [](int i, int j){ return i + j; }(1, 2);
|       auto b = []() -> int { return '0'; }();
|       auto c = [=](){ return a + b; }();
|       auto d = [&](){ return c; }();
|       auto e = [a, &b](int x) mutable {
|         const auto identity = [](int y){ return y; };
|         for (auto i = 0; i < a; ++i)
|           a += b--;
|         return x + identity(a + b);
|       }(0);
|       return a + b + c + d + e;
|     }
| 
|     int
|     test3()
|     {
|       const auto nullary = [](){ return 0; };
|       const auto unary = [](int x){ return x; };
|       using nullary_t = decltype(nullary);
|       using unary_t = decltype(unary);
|       const auto higher1st = [](nullary_t f){ return f(); };
|       const auto higher2nd = [unary](nullary_t f1){
|         return [unary, f1](unary_t f2){ return f2(unary(f1())); };
|       };
|       return higher1st(nullary) + higher2nd(nullary)(unary);
|     }
| 
|   }
| 
|   namespace test_variadic_templates
|   {
| 
|     template <int...>
|     struct sum;
| 
|     template <int N0, int... N1toN>
|     struct sum<N0, N1toN...>
|     {
|       static constexpr auto value = N0 + sum<N1toN...>::value;
|     };
| 
|     template <>
|     struct sum<>
|     {
|       static constexpr auto value = 0;
|     };
| 
|     static_assert(sum<>::value == 0, "");
|     static_assert(sum<1>::value == 1, "");
|     static_assert(sum<23>::value == 23, "");
|     static_assert(sum<1, 2>::value == 3, "");
|     static_assert(sum<5, 5, 11>::value == 21, "");
|     static_assert(sum<2, 3, 5, 7, 11, 13>::value == 41, "");
| 
|   }
| 
|   // http://stackoverflow.com/questions/13728184/template-aliases-and-sfinae
|   // Clang 3.1 fails with headers of libstd++ 4.8.3 when using std::function
|   // because of this.
|   namespace test_template_alias_sfinae
|   {
| 
|     struct foo {};
| 
|     template<typename T>
|     using member = typename T::member_type;
| 
|     template<typename T>
|     void func(...) {}
| 
|     template<typename T>
|     void func(member<T>*) {}
| 
|     void test();
| 
|     void test() { func<foo>(0); }
| 
|   }
| 
| }  // namespace cxx11
| 
| #endif  // __cplusplus >= 201103L
| 
| 
| 
configure:5515: result: no
configure:5525: checking whether g++ supports C++11 features with -std=gnu++11
configure:5821: g++ -std=gnu++11 -c -g -O2  conftest.cpp >&5
configure:5821: $? = 0
configure:5830: result: yes
configure:6196: checking whether preprocessor accepts -MM or -M
Using built-in specs.
COLLECT_GCC=gcc
Target: x86_64-linux-gnu
Configured with: ../src/configure -v --with-pkgversion='Ubuntu 5.4.0-6ubuntu1~16.04.11' --with-bugurl=file:///usr/share/doc/gcc-5/README.Bugs --enable-languages=c,ada,c++,java,go,d,fortran,objc,obj-c++ --prefix=/usr --program-suffix=-5 --enable-shared --enable-linker-build-id --libexecdir=/usr/lib --without-included-gettext --enable-threads=posix --libdir=/usr/lib --enable-nls --with-sysroot=/ --enable-clocale=gnu --enable-libstdcxx-debug --enable-libstdcxx-time=yes --with-default-libstdcxx-abi=new --enable-gnu-unique-object --disable-vtable-verify --enable-libmpx --enable-plugin --with-system-zlib --disable-browser-plugin --enable-java-awt=gtk --enable-gtk-cairo --with-java-home=/usr/lib/jvm/java-1.5.0-gcj-5-amd64/jre --enable-java-home --with-jvm-root-dir=/usr/lib/jvm/java-1.5.0-gcj-5-amd64 --with-jvm-jar-dir=/usr/lib/jvm-exports/java-1.5.0-gcj-5-amd64 --with-arch-directory=amd64 --with-ecj-jar=/usr/share/java/eclipse-ecj.jar --enable-objc-gc --enable-multiarch --disable-werror --with-arch-32=i686 --with-abi=m64 --with-multilib-list=m32,m64,mx32 --enable-multilib --with-tune=generic --enable-checking=release --build=x86_64-linux-gnu --host=x86_64-linux-gnu --target=x86_64-linux-gnu
Thread model: posix
gcc version 5.4.0 20160609 (Ubuntu 5.4.0-6ubuntu1~16.04.11) 
COLLECT_GCC_OPTIONS='-E' '-v' '-MM' '-mtune=generic' '-march=x86-64'
 /usr/lib/gcc/x86_64-linux-gnu/5/cc1 -E -quiet -v -imultiarch x86_64-linux-gnu -MM _test_.c -mtune=generic -march=x86-64 -fstack-protector-strong -Wformat -Wformat-security
ignoring nonexistent directory "/usr/local/include/x86_64-linux-gnu"
ignoring nonexistent directory "/usr/lib/gcc/x86_64-linux-gnu/5/../../../../x86_64-linux-gnu/include"
#include "..." search starts here:
#include <...> search starts here:
 /usr/lib/gcc/x86_64-linux-gnu/5/include
 /usr/local/include
 /usr/lib/gcc/x86_64-linux-gnu/5/include-fixed
 /usr/include/x86_64-linux-gnu
 /usr/include
End of search list.
_test_.o: _test_.c
COMPILER_PATH=/usr/lib/gcc/x86_64-linux-gnu/5/:/usr/lib/gcc/x86_64-linux-gnu/5/:/usr/lib/gcc/x86_64-linux-gnu/:/usr/lib/gcc/x86_64-linux-gnu/5/:/usr/lib/gcc/x86_64-linux-gnu/
LIBRARY_PATH=/usr/lib/gcc/x86_64-linux-gnu/5/:/usr/lib/gcc/x86_64-linux-gnu/5/../../../x86_64-linux-gnu/:/usr/lib/gcc/x86_64-linux-gnu/5/../../../../lib/:/lib/x86_64-linux-gnu/:/lib/../lib/:/usr/lib/x86_64-linux-gnu/:/usr/lib/../lib/:/usr/lib/gcc/x86_64-linux-gnu/5/../../../:/lib/:/usr/lib/
COLLECT_GCC_OPTIONS='-E' '-v' '-MM' '-mtune=generic' '-march=x86-64'
configure:6211: result: -MM
configure:6218: checking whether C accepts -ggdb
configure:6238: gcc -c -ggdb  conftest.c >&5
configure:6238: $? = 0
configure:6247: result: yes
configure:6259: checking whether C accepts -pipe
configure:6279: gcc -c -pipe  conftest.c >&5
configure:6279: $? = 0
configure:6288: result: yes
configure:6351: checking for gcc option to accept ISO C99
configure:6500: gcc  -c -pipe -ggdb -g -O2  conftest.c >&5
configure:6500: $? = 0
configure:6513: result: none needed
configure:6534: checking return type of signal handlers
configure:6552: gcc -c  -pipe -ggdb -g -O2  conftest.c >&5
conftest.c: In function 'main':
conftest.c:37:9: error: void value not ignored as it ought to be
 return *(signal (0, 0)) (0) == 1;
         ^
configure:6552: $? = 1
configure: failed program was:
| /* confdefs.h */
| #define PACKAGE_NAME ""
| #define PACKAGE_TARNAME ""
| #define PACKAGE_VERSION ""
| #define PACKAGE_STRING ""
| #define PACKAGE_BUGREPORT ""
| #define PACKAGE_URL ""
| #define SDCC_VERSION_LO 9
| #define SDCC_VERSION_HI 3
| #define SDCC_VERSION_P 1
| #define SDCC_VERSION_STR "3.9.1"
| #define STDC_HEADERS 1
| #define HAVE_SYS_TYPES_H 1
| #define HAVE_SYS_STAT_H 1
| #define HAVE_STDLIB_H 1
| #define HAVE_STRING_H 1
| #define HAVE_MEMORY_H 1
| #define HAVE_STRINGS_H 1
| #define HAVE_INTTYPES_H 1
| #define HAVE_STDINT_H 1
| #define HAVE_UNISTD_H 1
| #define HAVE_ENDIAN_H 1
| #define HAVE_BOOST_GRAPH_ADJACENCY_LIST_HPP 1
| #define HAVE_STRERROR 1
| #define HAVE_MKSTEMP 1
| #define HAVE_STRNDUP 1
| #define HAVE_SETRLIMIT 1
| #define HAVE_BACKTRACE_SYMBOLS_FD 1
| #define HAVE_CXX11 1
| /* end confdefs.h.  */
| #include <sys/types.h>
| #include <signal.h>
| 
| int
| main ()
| {
| return *(signal (0, 0)) (0) == 1;
|   ;
|   return 0;
| }
configure:6559: result: void
configure:6572: checking size of char
configure:6577: gcc -o conftest  -pipe -ggdb -g -O2   conftest.c  >&5
configure:6577: $? = 0
configure:6577: ./conftest
configure:6577: $? = 0
configure:6591: result: 1
configure:6605: checking size of short
configure:6610: gcc -o conftest  -pipe -ggdb -g -O2   conftest.c  >&5
configure:6610: $? = 0
configure:6610: ./conftest
configure:6610: $? = 0
configure:6624: result: 2
configure:6638: checking size of int
configure:6643: gcc -o conftest  -pipe -ggdb -g -O2   conftest.c  >&5
configure:6643: $? = 0
configure:6643: ./conftest
configure:6643: $? = 0
configure:6657: result: 4
configure:6671: checking size of long
configure:6676: gcc -o conftest  -pipe -ggdb -g -O2   conftest.c  >&5
configure:6676: $? = 0
configure:6676: ./conftest
configure:6676: $? = 0
configure:6690: result: 8
configure:6704: checking size of long long
configure:6709: gcc -o conftest  -pipe -ggdb -g -O2   conftest.c  >&5
configure:6709: $? = 0
configure:6709: ./conftest
configure:6709: $? = 0
configure:6723: result: 8
configure:6733: checking whether char is unsigned
configure:6752: gcc -c  -pipe -ggdb -g -O2  conftest.c >&5
configure:6752: $? = 0
configure:6759: result: no
configure:6792: checking type name for byte
configure:6800: result: char
configure:6802: checking type name for word
configure:6805: result: short
configure:6807: checking type name for dword
configure:6810: result: int
configure:6812: checking type name for qword
configure:6815: result: long
configure:6867: checking whether byte ordering is bigendian
configure:6882: gcc -c  -pipe -ggdb -g -O2  conftest.c >&5
conftest.c:46:9: error: unknown type name 'not'
         not a universal capable compiler
         ^
conftest.c:46:15: error: expected '=', ',', ';', 'asm' or '__attribute__' before 'universal'
         not a universal capable compiler
               ^
conftest.c:46:15: error: unknown type name 'universal'
configure:6882: $? = 1
configure: failed program was:
| /* confdefs.h */
| #define PACKAGE_NAME ""
| #define PACKAGE_TARNAME ""
| #define PACKAGE_VERSION ""
| #define PACKAGE_STRING ""
| #define PACKAGE_BUGREPORT ""
| #define PACKAGE_URL ""
| #define SDCC_VERSION_LO 9
| #define SDCC_VERSION_HI 3
| #define SDCC_VERSION_P 1
| #define SDCC_VERSION_STR "3.9.1"
| #define STDC_HEADERS 1
| #define HAVE_SYS_TYPES_H 1
| #define HAVE_SYS_STAT_H 1
| #define HAVE_STDLIB_H 1
| #define HAVE_STRING_H 1
| #define HAVE_MEMORY_H 1
| #define HAVE_STRINGS_H 1
| #define HAVE_INTTYPES_H 1
| #define HAVE_STDINT_H 1
| #define HAVE_UNISTD_H 1
| #define HAVE_ENDIAN_H 1
| #define HAVE_BOOST_GRAPH_ADJACENCY_LIST_HPP 1
| #define HAVE_STRERROR 1
| #define HAVE_MKSTEMP 1
| #define HAVE_STRNDUP 1
| #define HAVE_SETRLIMIT 1
| #define HAVE_BACKTRACE_SYMBOLS_FD 1
| #define HAVE_CXX11 1
| #define RETSIGTYPE void
| #define SIZEOF_CHAR 1
| #define SIZEOF_SHORT 2
| #define SIZEOF_INT 4
| #define SIZEOF_LONG 8
| #define SIZEOF_LONG_LONG 8
| #define TYPE_BYTE char
| #define TYPE_WORD short
| #define TYPE_DWORD int
| #define TYPE_QWORD long
| #define TYPE_UBYTE unsigned char
| #define TYPE_UWORD unsigned short
| #define TYPE_UDWORD unsigned int
| #define TYPE_UQWORD unsigned long
| /* end confdefs.h.  */
| #ifndef __APPLE_CC__
| 	       not a universal capable compiler
| 	     #endif
| 	     typedef int dummy;
| 
configure:6927: gcc -c  -pipe -ggdb -g -O2  conftest.c >&5
configure:6927: $? = 0
configure:6945: gcc -c  -pipe -ggdb -g -O2  conftest.c >&5
conftest.c: In function 'main':
conftest.c:52:4: error: unknown type name 'not'
    not big endian
    ^
conftest.c:52:12: error: expected '=', ',', ';', 'asm' or '__attribute__' before 'endian'
    not big endian
            ^
configure:6945: $? = 1
configure: failed program was:
| /* confdefs.h */
| #define PACKAGE_NAME ""
| #define PACKAGE_TARNAME ""
| #define PACKAGE_VERSION ""
| #define PACKAGE_STRING ""
| #define PACKAGE_BUGREPORT ""
| #define PACKAGE_URL ""
| #define SDCC_VERSION_LO 9
| #define SDCC_VERSION_HI 3
| #define SDCC_VERSION_P 1
| #define SDCC_VERSION_STR "3.9.1"
| #define STDC_HEADERS 1
| #define HAVE_SYS_TYPES_H 1
| #define HAVE_SYS_STAT_H 1
| #define HAVE_STDLIB_H 1
| #define HAVE_STRING_H 1
| #define HAVE_MEMORY_H 1
| #define HAVE_STRINGS_H 1
| #define HAVE_INTTYPES_H 1
| #define HAVE_STDINT_H 1
| #define HAVE_UNISTD_H 1
| #define HAVE_ENDIAN_H 1
| #define HAVE_BOOST_GRAPH_ADJACENCY_LIST_HPP 1
| #define HAVE_STRERROR 1
| #define HAVE_MKSTEMP 1
| #define HAVE_STRNDUP 1
| #define HAVE_SETRLIMIT 1
| #define HAVE_BACKTRACE_SYMBOLS_FD 1
| #define HAVE_CXX11 1
| #define RETSIGTYPE void
| #define SIZEOF_CHAR 1
| #define SIZEOF_SHORT 2
| #define SIZEOF_INT 4
| #define SIZEOF_LONG 8
| #define SIZEOF_LONG_LONG 8
| #define TYPE_BYTE char
| #define TYPE_WORD short
| #define TYPE_DWORD int
| #define TYPE_QWORD long
| #define TYPE_UBYTE unsigned char
| #define TYPE_UWORD unsigned short
| #define TYPE_UDWORD unsigned int
| #define TYPE_UQWORD unsigned long
| /* end confdefs.h.  */
| #include <sys/types.h>
| 		#include <sys/param.h>
| 
| int
| main ()
| {
| #if BYTE_ORDER != BIG_ENDIAN
| 		 not big endian
| 		#endif
| 
|   ;
|   return 0;
| }
configure:7073: result: no
configure:8457: checking for lyx
configure:8485: result: :
configure:8495: checking for latex2html
configure:8523: result: :
configure:8533: checking for latex
configure:8549: found /usr/bin/latex
configure:8561: result: latex
configure:8571: checking for dvipdfm
configure:8587: found /usr/bin/dvipdfm
configure:8599: result: dvipdfm
configure:8609: checking for pdflatex
configure:8625: found /usr/bin/pdflatex
configure:8637: result: pdflatex
configure:8647: checking for makeindex
configure:8663: found /usr/bin/makeindex
configure:8675: result: makeindex
configure:9037: creating ./config.status

## ---------------------- ##
## Running config.status. ##
## ---------------------- ##

This file was extended by config.status, which was
generated by GNU Autoconf 2.69.  Invocation command line was

  CONFIG_FILES    = 
  CONFIG_HEADERS  = 
  CONFIG_LINKS    = 
  CONFIG_COMMANDS = 
  $ ./config.status 

on kapil-ThinkPad-T460p

config.status:1011: creating doc/Makefile
config.status:1011: creating src/ds390/Makefile
config.status:1011: creating sdas/as8xcxxx/Makefile
config.status:1011: creating device/lib/ds390/Makefile
config.status:1011: creating device/lib/ds400/Makefile
config.status:1011: creating src/hc08/Makefile
config.status:1011: creating sdas/as6808/Makefile
config.status:1011: creating device/lib/hc08/Makefile
config.status:1011: creating device/lib/s08/Makefile
config.status:1011: creating src/mcs51/Makefile
config.status:1011: creating sdas/as8051/Makefile
config.status:1011: creating device/lib/mcs51/Makefile
config.status:1011: creating device/lib/small/Makefile
config.status:1011: creating device/lib/medium/Makefile
config.status:1011: creating device/lib/large/Makefile
config.status:1011: creating device/lib/huge/Makefile
config.status:1011: creating src/z80/Makefile
config.status:1011: creating sdas/asz80/Makefile
config.status:1011: creating device/lib/z80/Makefile
config.status:1011: creating device/lib/z180/Makefile
config.status:1011: creating device/lib/ez80_z80/Makefile
config.status:1011: creating sdas/asrab/Makefile
config.status:1011: creating device/lib/r2k/Makefile
config.status:1011: creating device/lib/r3ka/Makefile
config.status:1011: creating sdas/astlcs90/Makefile
config.status:1011: creating device/lib/tlcs90/Makefile
config.status:1011: creating sdas/asgb/Makefile
config.status:1011: creating device/lib/gbz80/Makefile
config.status:1011: creating src/stm8/Makefile
config.status:1011: creating sdas/asstm8/Makefile
config.status:1011: creating device/lib/stm8/Makefile
config.status:1011: creating device/lib/stm8-large/Makefile
config.status:1011: creating src/pdk/Makefile
config.status:1011: creating sdas/aspdk13/Makefile
config.status:1011: creating device/lib/pdk13/Makefile
config.status:1011: creating sdas/aspdk14/Makefile
config.status:1011: creating device/lib/pdk14/Makefile
config.status:1011: creating sdas/aspdk15/Makefile
config.status:1011: creating device/lib/pdk15/Makefile
config.status:1011: creating device/lib/Makefile
config.status:1011: creating device/non-free/lib/Makefile
config.status:1011: creating main.mk
config.status:1011: creating src/Makefile
config.status:1011: creating device/include/Makefile
config.status:1011: creating sdas/linksrc/Makefile
config.status:1011: creating support/makebin/Makefile
config.status:1011: creating support/regression/Makefile
config.status:1011: creating support/valdiag/Makefile
config.status:1011: creating support/scripts/Makefile
config.status:1011: creating support/regression/ports/host/spec.mk
config.status:1011: creating Makefile
config.status:1011: creating Makefile.common
config.status:1011: creating device/non-free/include/Makefile
config.status:1011: creating sdccconf.h
config.status:1011: creating sdas/linksrc/asxxxx_config.h
config.status:1186: sdas/linksrc/asxxxx_config.h is unchanged
configure:10323: === configuring in support/cpp (/home/kapil/Documents/EE 99/sdcc/support/cpp)
configure:10386: running /bin/bash ./configure --disable-option-checking '--prefix=/usr/local'  '--disable-pic14-port' '--disable-pic16-port' 'docdir=${datarootdir}/doc/${PACKAGE}' --cache-file=/dev/null --srcdir=.
configure:10323: === configuring in support/packihx (/home/kapil/Documents/EE 99/sdcc/support/packihx)
configure:10386: running /bin/bash ./configure --disable-option-checking '--prefix=/usr/local'  '--disable-pic14-port' '--disable-pic16-port' 'docdir=${datarootdir}/doc/${PACKAGE}' --cache-file=/dev/null --srcdir=.
configure:10323: === configuring in sim/ucsim (/home/kapil/Documents/EE 99/sdcc/sim/ucsim)
configure:10386: running /bin/bash ./configure --disable-option-checking '--prefix=/usr/local'  '--disable-pic14-port' '--disable-pic16-port' 'docdir=${datarootdir}/doc/${PACKAGE}' --cache-file=/dev/null --srcdir=.
configure:10323: === configuring in debugger/mcs51 (/home/kapil/Documents/EE 99/sdcc/debugger/mcs51)
configure:10386: running /bin/bash ./configure --disable-option-checking '--prefix=/usr/local'  '--disable-pic14-port' '--disable-pic16-port' 'docdir=${datarootdir}/doc/${PACKAGE}' --cache-file=/dev/null --srcdir=.
configure:10323: === configuring in support/sdbinutils (/home/kapil/Documents/EE 99/sdcc/support/sdbinutils)
configure:10386: running /bin/bash ./configure --disable-option-checking '--prefix=/usr/local'  '--disable-pic14-port' '--disable-pic16-port' 'docdir=${datarootdir}/doc/${PACKAGE}' --cache-file=/dev/null --srcdir=.
configure:10697: result:
sdcc 3.9.1 is now configured for

  Build:                x86_64-unknown-linux-gnu
  Host:                 x86_64-unknown-linux-gnu
  Source directory:     .
  Yacc:                 bison -y
  C compiler:           gcc
  CFLAGS:                -pipe -ggdb -g -O2
  C++ compiler:         g++ -std=gnu++11
  CXXFLAGS:             -pipe -ggdb -g -O2
  CPPFLAGS:             
  LDFLAGS:              
  MAKEDEP:              g++ -std=gnu++11 -MM

  ENABLED Ports:
    ds390               yes
    ds400               yes
    hc08                yes
    s08                 yes
    mcs51               yes
    pic14               no
    pic16               no
    z80                 yes
    z180                yes
    r2k                 yes
    r3ka                yes
    gbz80               yes
    tlcs90              yes
    ez80_z80            yes
    stm8                yes
    pdk13               yes
    pdk14               yes
    pdk15               yes

  Disable non-free lib: 0
  Disable packihx:      0
  Disable ucsim:        0
  Disable device lib:   0
  Disable sdcpp:        0
  Disable sdcdb:        0
  Disable sdbinutil:    0
  Enable documentation: 0
  Enable libgc:         0

  Install paths:
    binary files:           ${prefix}
    include/library files:  ${datarootdir}/sdcc
    include files:          ${datarootdir}/sdcc/include
    library files:          ${datarootdir}/sdcc/lib
    non-free files:         ${datarootdir}/sdcc/non-free
    non-free include files: ${datarootdir}/sdcc/non-free/include
    non-free library files: ${datarootdir}/sdcc/non-free/lib
    documentation:          ${datarootdir}/doc/${PACKAGE}

    prefix:             /usr/local
    datadir:            ${datarootdir}
    datarootdir:        ${prefix}/share

  Search paths (incomplete, see manual for all search paths):
    binary files:       $SDCC_HOME/bin
    include files:      /share/sdcc/include
                        path(argv[0])/../share/sdcc/include
                        /usr/local/share/sdcc/include
                        /share/sdcc/non-free/include
                        path(argv[0])/../share/sdcc/non-free/include
                        /usr/local/share/sdcc/non-free/include
    library files:      $SDCC_HOME/share/sdcc/lib/<model>
                        path(argv[0])/../share/sdcc/lib/<model>
                        /usr/local/share/sdcc/lib/<model>
                        $SDCC_HOME/share/sdcc/non-free/lib/<model>
                        path(argv[0])/../share/sdcc/non-free/lib/<model>
                        /usr/local/share/sdcc/non-free/lib/<model>


## ---------------- ##
## Cache variables. ##
## ---------------- ##

ac_cv_build=x86_64-unknown-linux-gnu
ac_cv_c_bigendian=no
ac_cv_c_char_unsigned=no
ac_cv_c_compiler_gnu=yes
ac_cv_cxx_compiler_gnu=yes
ac_cv_env_CCC_set=
ac_cv_env_CCC_value=
ac_cv_env_CC_set=
ac_cv_env_CC_value=
ac_cv_env_CFLAGS_set=
ac_cv_env_CFLAGS_value=
ac_cv_env_CPPFLAGS_set=
ac_cv_env_CPPFLAGS_value=
ac_cv_env_CPP_set=
ac_cv_env_CPP_value=
ac_cv_env_CXXCPP_set=
ac_cv_env_CXXCPP_value=
ac_cv_env_CXXFLAGS_set=
ac_cv_env_CXXFLAGS_value=
ac_cv_env_CXX_set=
ac_cv_env_CXX_value=
ac_cv_env_LDFLAGS_set=
ac_cv_env_LDFLAGS_value=
ac_cv_env_LIBS_set=
ac_cv_env_LIBS_value=
ac_cv_env_LIB_TYPE_set=
ac_cv_env_LIB_TYPE_value=
ac_cv_env_build_alias_set=
ac_cv_env_build_alias_value=
ac_cv_env_docdir_set=set
ac_cv_env_docdir_value='${datarootdir}/doc/${PACKAGE}'
ac_cv_env_host_alias_set=
ac_cv_env_host_alias_value=
ac_cv_env_inclib_dir_suffix_set=
ac_cv_env_inclib_dir_suffix_value=
ac_cv_env_include_dir_suffix_set=
ac_cv_env_include_dir_suffix_value=
ac_cv_env_lib_dir_suffix_set=
ac_cv_env_lib_dir_suffix_value=
ac_cv_env_non_free_inclib_dir_suffix_set=
ac_cv_env_non_free_inclib_dir_suffix_value=
ac_cv_env_non_free_include_dir_suffix_set=
ac_cv_env_non_free_include_dir_suffix_value=
ac_cv_env_non_free_lib_dir_suffix_set=
ac_cv_env_non_free_lib_dir_suffix_value=
ac_cv_env_sdccconf_h_dir_separator_set=
ac_cv_env_sdccconf_h_dir_separator_value=
ac_cv_env_target_alias_set=
ac_cv_env_target_alias_value=
ac_cv_func_backtrace_symbols_fd=yes
ac_cv_func_mkstemp=yes
ac_cv_func_setrlimit=yes
ac_cv_func_strerror=yes
ac_cv_func_strndup=yes
ac_cv_header_boost_graph_adjacency_list_hpp=yes
ac_cv_header_endian_h=yes
ac_cv_header_gala_graph_h=no
ac_cv_header_inttypes_h=yes
ac_cv_header_machine_endian_h=no
ac_cv_header_memory_h=yes
ac_cv_header_stdc=yes
ac_cv_header_stdint_h=yes
ac_cv_header_stdlib_h=yes
ac_cv_header_string_h=yes
ac_cv_header_strings_h=yes
ac_cv_header_sys_endian_h=no
ac_cv_header_sys_isa_defs_h=no
ac_cv_header_sys_stat_h=yes
ac_cv_header_sys_types_h=yes
ac_cv_header_treedec_combinations_hpp=no
ac_cv_header_unistd_h=yes
ac_cv_host=x86_64-unknown-linux-gnu
ac_cv_objext=o
ac_cv_path_EGREP='/bin/grep -E'
ac_cv_path_GREP=/bin/grep
ac_cv_path_install='/usr/bin/install -c'
ac_cv_prog_AR=ar
ac_cv_prog_AS=as
ac_cv_prog_AUTOCONF=autoconf
ac_cv_prog_AWK=gawk
ac_cv_prog_CP=cp
ac_cv_prog_CPP='gcc -E'
ac_cv_prog_CXXCPP='g++ -E'
ac_cv_prog_DVIPDFM=dvipdfm
ac_cv_prog_LATEX2HTML=:
ac_cv_prog_LATEX=latex
ac_cv_prog_LEX=flex
ac_cv_prog_LYX=:
ac_cv_prog_M4=m4
ac_cv_prog_MAKEINDEX=makeindex
ac_cv_prog_PDFLATEX=pdflatex
ac_cv_prog_PYTHON=python2.7
ac_cv_prog_STRIP=strip
ac_cv_prog_YACC='bison -y'
ac_cv_prog_ac_ct_CC=gcc
ac_cv_prog_ac_ct_CXX=g++
ac_cv_prog_ac_ct_RANLIB=ranlib
ac_cv_prog_cc_c89=
ac_cv_prog_cc_c99=
ac_cv_prog_cc_g=yes
ac_cv_prog_cxx_g=yes
ac_cv_sizeof_char=1
ac_cv_sizeof_int=4
ac_cv_sizeof_long=8
ac_cv_sizeof_long_long=8
ac_cv_sizeof_short=2
ac_cv_type_signal=void
ax_cv_cxx_compile_cxx11=no
ax_cv_cxx_compile_cxx11__std_gnupp11=yes
sdcc_cv_MM=-MM
sdcc_cv_c_ggdb=yes
sdcc_cv_c_pipe=yes
sdcc_cv_version=3.9.1
sdcc_cv_versionhi=3
sdcc_cv_versionlo=9
sdcc_cv_versionp=1

## ----------------- ##
## Output variables. ##
## ----------------- ##

AR='ar'
AS='as'
AUTOCONF='autoconf'
AWK='gawk'
C99_FLAG='--std=c99'
CC='gcc'
CCACHE=''
CFLAGS=' -pipe -ggdb -g -O2'
CP='cp'
CPP='gcc -E'
CPPFLAGS=''
CXX='g++ -std=gnu++11'
CXXCPP='g++ -E -std=gnu++11'
CXXFLAGS='-pipe -ggdb -g -O2'
DEFS='-DHAVE_CONFIG_H'
DVIPDFM='dvipdfm'
ECHO_C=''
ECHO_N='-n'
ECHO_T=''
EGREP='/bin/grep -E'
EXEEXT=''
GREP='/bin/grep'
HAVE_CXX11='1'
INSTALL_DATA='${INSTALL} -m 644'
INSTALL_PROGRAM='${INSTALL}'
INSTALL_SCRIPT='${INSTALL}'
LATEX2HTML=':'
LATEX='latex'
LDFLAGS=''
LEX='flex'
LIBOBJS=''
LIBS=''
LIB_TYPE='RANLIB'
LTLIBOBJS=''
LYX=':'
M4='m4'
MAKEDEP='g++ -std=gnu++11 -MM'
MAKEINDEX='makeindex'
OBJEXT='o'
OPT_DISABLE_AVR='1'
OPT_DISABLE_DEVICE_LIB='0'
OPT_DISABLE_DS390='0'
OPT_DISABLE_DS400='0'
OPT_DISABLE_EZ80_Z80='0'
OPT_DISABLE_GBZ80='0'
OPT_DISABLE_HC08='0'
OPT_DISABLE_MCS51='0'
OPT_DISABLE_NON_FREE='0'
OPT_DISABLE_PACKIHX='0'
OPT_DISABLE_PDK13='0'
OPT_DISABLE_PDK14='0'
OPT_DISABLE_PDK15='0'
OPT_DISABLE_PIC14='1'
OPT_DISABLE_PIC16='1'
OPT_DISABLE_R2K='0'
OPT_DISABLE_R3KA='0'
OPT_DISABLE_S08='0'
OPT_DISABLE_SDBINUTILS='0'
OPT_DISABLE_SDCDB='0'
OPT_DISABLE_SDCPP='0'
OPT_DISABLE_STM8='0'
OPT_DISABLE_TLCS90='0'
OPT_DISABLE_UCSIM='0'
OPT_DISABLE_Z180='0'
OPT_DISABLE_Z80='0'
OPT_ENABLE_DOC='0'
OPT_ENABLE_LIBGC='0'
PACKAGE='sdcc'
PACKAGE_BUGREPORT=''
PACKAGE_NAME=''
PACKAGE_STRING=''
PACKAGE_TARNAME=''
PACKAGE_URL=''
PACKAGE_VERSION=''
PATH_SEPARATOR=':'
PDFLATEX='pdflatex'
PYTHON='python2.7'
RANLIB='ranlib'
SHELL='/bin/bash'
STRIP='strip'
VERSION='3.9.1'
VERSIONHI='3'
VERSIONLO='9'
VERSIONP='1'
WALL_FLAG='-Wall -Wno-parentheses'
YACC='bison -y'
ac_ct_CC='gcc'
ac_ct_CXX='g++'
bindir='${exec_prefix}/bin'
build='x86_64-unknown-linux-gnu'
build_alias=''
build_cpu='x86_64'
build_os='linux-gnu'
build_vendor='unknown'
datadir='${datarootdir}'
datarootdir='${prefix}/share'
docdir='${datarootdir}/doc/${PACKAGE}'
dvidir='${docdir}'
exec_prefix='${prefix}'
host='x86_64-unknown-linux-gnu'
host_alias=''
host_cpu='x86_64'
host_os='linux-gnu'
host_vendor='unknown'
htmldir='${docdir}'
inclib_dir_suffix='sdcc'
include_dir_suffix='sdcc/include'
includedir='${prefix}/include'
infodir='${datarootdir}/info'
lib_dir_suffix='sdcc/lib'
libdir='${exec_prefix}/lib'
libexecdir='${exec_prefix}/libexec'
localedir='${datarootdir}/locale'
localstatedir='${prefix}/var'
mandir='${datarootdir}/man'
non_free_inclib_dir_suffix='sdcc/non-free'
non_free_include_dir_suffix='sdcc/non-free/include'
non_free_lib_dir_suffix='sdcc/non-free/lib'
oldincludedir='/usr/include'
pdfdir='${docdir}'
prefix='/usr/local'
program_transform_name='s,x,x,'
psdir='${docdir}'
runstatedir='${localstatedir}/run'
sbindir='${exec_prefix}/sbin'
sdccconf_h_dir_separator='/'
sharedstatedir='${prefix}/com'
subdirs=' support/cpp support/packihx sim/ucsim debugger/mcs51 support/sdbinutils'
sysconfdir='${prefix}/etc'
target_alias=''

## ----------- ##
## confdefs.h. ##
## ----------- ##

/* confdefs.h */
#define PACKAGE_NAME ""
#define PACKAGE_TARNAME ""
#define PACKAGE_VERSION ""
#define PACKAGE_STRING ""
#define PACKAGE_BUGREPORT ""
#define PACKAGE_URL ""
#define SDCC_VERSION_LO 9
#define SDCC_VERSION_HI 3
#define SDCC_VERSION_P 1
#define SDCC_VERSION_STR "3.9.1"
#define STDC_HEADERS 1
#define HAVE_SYS_TYPES_H 1
#define HAVE_SYS_STAT_H 1
#define HAVE_STDLIB_H 1
#define HAVE_STRING_H 1
#define HAVE_MEMORY_H 1
#define HAVE_STRINGS_H 1
#define HAVE_INTTYPES_H 1
#define HAVE_STDINT_H 1
#define HAVE_UNISTD_H 1
#define HAVE_ENDIAN_H 1
#define HAVE_BOOST_GRAPH_ADJACENCY_LIST_HPP 1
#define HAVE_STRERROR 1
#define HAVE_MKSTEMP 1
#define HAVE_STRNDUP 1
#define HAVE_SETRLIMIT 1
#define HAVE_BACKTRACE_SYMBOLS_FD 1
#define HAVE_CXX11 1
#define RETSIGTYPE void
#define SIZEOF_CHAR 1
#define SIZEOF_SHORT 2
#define SIZEOF_INT 4
#define SIZEOF_LONG 8
#define SIZEOF_LONG_LONG 8
#define TYPE_BYTE char
#define TYPE_WORD short
#define TYPE_DWORD int
#define TYPE_QWORD long
#define TYPE_UBYTE unsigned char
#define TYPE_UWORD unsigned short
#define TYPE_UDWORD unsigned int
#define TYPE_UQWORD unsigned long
#define DIR_SEPARATOR_STRING "/"
#define DIR_SEPARATOR_CHAR '/'
#define PREFIX "/usr/local"
#define EXEC_PREFIX "/usr/local"
#define BINDIR "/usr/local/bin"
#define DATADIR "/usr/local/share"
#define INCLUDE_DIR_SUFFIX DIR_SEPARATOR_STRING "sdcc/include"
#define NON_FREE_INCLUDE_DIR_SUFFIX DIR_SEPARATOR_STRING "sdcc/non-free/include"
#define LIB_DIR_SUFFIX DIR_SEPARATOR_STRING "sdcc/lib"
#define NON_FREE_LIB_DIR_SUFFIX DIR_SEPARATOR_STRING "sdcc/non-free/lib"
#define BIN2DATA_DIR DIR_SEPARATOR_STRING "../share"
#define PREFIX2BIN_DIR DIR_SEPARATOR_STRING "bin"
#define PREFIX2DATA_DIR DIR_SEPARATOR_STRING "share"
#define STD_LIB "libsdcc"
#define STD_INT_LIB "libint"
#define STD_LONG_LIB "liblong"
#define STD_FP_LIB "libfloat"
#define STD_DS390_LIB "libds390"
#define STD_DS400_LIB "libds400"
#define SDCC_DIR_NAME "SDCC_HOME"
#define SDCC_INCLUDE_NAME "SDCC_INCLUDE"
#define SDCC_LIB_NAME "SDCC_LIB"
#define OPT_DISABLE_MCS51 0
#define OPT_DISABLE_Z80 0
#define OPT_DISABLE_Z180 0
#define OPT_DISABLE_R2K 0
#define OPT_DISABLE_R3KA 0
#define OPT_DISABLE_GBZ80 0
#define OPT_DISABLE_TLCS90 0
#define OPT_DISABLE_EZ80_Z80 0
#define OPT_DISABLE_DS390 0
#define OPT_DISABLE_TININative 0
#define OPT_DISABLE_DS400 0
#define OPT_DISABLE_PIC14 1
#define OPT_DISABLE_PIC16 1
#define OPT_DISABLE_HC08 0
#define OPT_DISABLE_S08 0
#define OPT_DISABLE_STM8 0
#define OPT_DISABLE_PDK13 0
#define OPT_DISABLE_PDK14 0
#define OPT_DISABLE_PDK15 0
#define OPT_DISABLE_AVR 1
#define OPT_DISABLE_UCSIM 0
#define OPT_DISABLE_DEVICE_LIB 0
#define OPT_DISABLE_PACKIHX 0
#define OPT_DISABLE_SDCPP 0
#define OPT_DISABLE_SDCDB 0
#define OPT_DISABLE_SDBINUTILS 0
#define OPT_DISABLE_NON_FREE 0
#define OPT_ENABLE_DOC 0
#define OPT_ENABLE_LIBGC 0

configure: exit 0
